[06:21:14.057][INFO][CraftTweaker-EarlyInit]: CraftTweaker is running on a Minecraft 1.20.1 production server modded with platform Forge
[06:21:14.078][INFO][CraftTweaker-EarlyInit]: Successfully injected RecipeFS file system
[06:21:14.134][INFO][CraftTweaker-Plugins]: Successfully identified and loaded plugin farmersdelight:crafttweaker_plugin
[06:21:14.164][INFO][CraftTweaker-Plugins]: Successfully identified and loaded plugin crafttweaker:builtin
[06:21:14.170][INFO][CraftTweaker-Plugins]: Successfully identified and loaded plugin crafttweaker:builtin_forge
[06:21:15.232][INFO][CraftTweaker]: The following mods have explicit CraftTweaker support through the default plugin:
[06:21:15.233][INFO][CraftTweaker]: - 'aether' at version '1.20.1-1.5.2-neoforge'
[06:21:15.233][INFO][CraftTweaker]: - 'aquaculture' at version '2.5.3'
[06:21:15.233][INFO][CraftTweaker]: - 'crafttweaker' at version '14.0.57'
[06:21:15.233][INFO][CraftTweaker]: - 'farmersdelight' at version '1.20.1-1.2.7'
[06:21:25.560][INFO][CraftTweaker-ZenCode]: Started loading scripts for loader 'initialize'
[06:21:26.093][INFO][CraftTweaker-ZenCode]: Compiling and executing scripts
[06:21:26.119][INFO][CraftTweaker-ZenCode]: Successfully initialized modules [crafttweaker, expansions]
[06:21:26.199][INFO][CraftTweaker-ZenCode]: Execution for loader 'initialize' completed successfully
[06:21:36.495][INFO][CraftTweaker-ZenCode]: Started loading scripts for loader 'tags'
[06:21:36.521][INFO][CraftTweaker-ZenCode]: Compiling and executing scripts
[06:21:36.536][INFO][CraftTweaker-ZenCode]: Successfully initialized modules [crafttweaker, expansions]
[06:21:36.545][INFO][CraftTweaker-ZenCode]: Execution for loader 'tags' completed successfully
[06:21:37.430][INFO][CraftTweaker]: crafttweaker.reload.start
[06:21:37.434][INFO][CraftTweaker-ZenCode]: Started loading scripts for loader 'crafttweaker'
[06:21:37.464][INFO][CraftTweaker-ZenCode]: Compiling and executing scripts
[06:21:37.916][INFO][CraftTweaker-ZenCode]: Successfully initialized modules [mods, crafttweaker, expansions]
[06:21:37.930][INFO][CraftTweaker-ZenCode]: Execution for loader 'crafttweaker' completed successfully
[06:21:37.931][INFO][CraftTweaker]: crafttweaker.reload.complete
